Flow report for FPALU
Sat Sep 24 20:15:57 2016
Quartus II 64-Bit Version 13.0.1 Build 232 06/12/2013 Service Pack 1 SJ Web Edition


---------------------
; Table of Contents ;
---------------------
  1. Legal Notice
  2. Flow Summary
  3. Flow Settings
  4. Flow Non-Default Global Settings
  5. Flow Elapsed Time
  6. Flow OS Summary
  7. Flow Log
  8. Flow Messages
  9. Flow Suppressed Messages



----------------
; Legal Notice ;
----------------
Copyright (C) 1991-2013 Altera Corporation
Your use of Altera Corporation's design tools, logic functions 
and other software and tools, and its AMPP partner logic 
functions, and any output files from any of the foregoing 
(including device programming or simulation files), and any 
associated documentation or information are expressly subject 
to the terms and conditions of the Altera Program License 
Subscription Agreement, Altera MegaCore Function License 
Agreement, or other applicable license agreement, including, 
without limitation, that your use is for the sole purpose of 
programming logic devices manufactured by Altera and sold by 
Altera or its authorized distributors.  Please refer to the 
applicable agreement for further details.



+--------------------------------------------------------------------------------------+
; Flow Summary                                                                         ;
+------------------------------------+-------------------------------------------------+
; Flow Status                        ; Successful - Sat Sep 24 20:15:57 2016           ;
; Quartus II 64-Bit Version          ; 13.0.1 Build 232 06/12/2013 SP 1 SJ Web Edition ;
; Revision Name                      ; FPALU                                           ;
; Top-level Entity Name              ; FPALU                                           ;
; Family                             ; Cyclone II                                      ;
; Device                             ; EP2C70F896C6                                    ;
; Timing Models                      ; Final                                           ;
; Total logic elements               ; 3,531 / 68,416 ( 5 % )                          ;
;     Total combinational functions  ; 3,272 / 68,416 ( 5 % )                          ;
;     Dedicated logic registers      ; 1,840 / 68,416 ( 3 % )                          ;
; Total registers                    ; 1840                                            ;
; Total pins                         ; 106 / 622 ( 17 % )                              ;
; Total virtual pins                 ; 0                                               ;
; Total memory bits                  ; 4,894 / 1,152,000 ( < 1 % )                     ;
; Embedded Multiplier 9-bit elements ; 23 / 300 ( 8 % )                                ;
; Total PLLs                         ; 0 / 4 ( 0 % )                                   ;
+------------------------------------+-------------------------------------------------+


+-----------------------------------------+
; Flow Settings                           ;
+-------------------+---------------------+
; Option            ; Setting             ;
+-------------------+---------------------+
; Start date & time ; 09/24/2016 20:13:25 ;
; Main task         ; Compilation         ;
; Revision Name     ; FPALU               ;
+-------------------+---------------------+


+-------------------------------------------------------------------------------------------------------------------------------------------------------------------------------------------------------+
; Flow Non-Default Global Settings                                                                                                                                                                      ;
+-------------------------------------+------------------------------------------------------------------------------------------------------------------+---------------+-------------+----------------+
; Assignment Name                     ; Value                                                                                                            ; Default Value ; Entity Name ; Section Id     ;
+-------------------------------------+------------------------------------------------------------------------------------------------------------------+---------------+-------------+----------------+
; COMPILER_SIGNATURE_ID               ; 182854766689193.147475880520888                                                                                  ; --            ; --          ; --             ;
; EDA_OUTPUT_DATA_FORMAT              ; Verilog Hdl                                                                                                      ; --            ; --          ; eda_simulation ;
; EDA_SIMULATION_TOOL                 ; ModelSim-Altera (Verilog)                                                                                        ; <None>        ; --          ; --             ;
; EDA_TIME_SCALE                      ; 1 ps                                                                                                             ; --            ; --          ; eda_simulation ;
; ENABLE_SIGNALTAP                    ; Off                                                                                                              ; --            ; --          ; --             ;
; MAX_CORE_JUNCTION_TEMP              ; 85                                                                                                               ; --            ; --          ; --             ;
; MIN_CORE_JUNCTION_TEMP              ; 0                                                                                                                ; --            ; --          ; --             ;
; PARTITION_COLOR                     ; 16764057                                                                                                         ; --            ; --          ; Top            ;
; PARTITION_FITTER_PRESERVATION_LEVEL ; PLACEMENT_AND_ROUTING                                                                                            ; --            ; --          ; Top            ;
; PARTITION_NETLIST_TYPE              ; SOURCE                                                                                                           ; --            ; --          ; Top            ;
; SLD_FILE                            ; C:/Users/lamar/Documents/Meus_documentos/kiko/Disciplinas/UnB/OAC/2016-1/Lab2/Files/FPALU/stp1_auto_stripped.stp ; --            ; --          ; --             ;
; USE_SIGNALTAP_FILE                  ; stp1.stp                                                                                                         ; --            ; --          ; --             ;
; VERILOG_INPUT_VERSION               ; SystemVerilog_2005                                                                                               ; Verilog_2001  ; --          ; --             ;
; VERILOG_SHOW_LMF_MAPPING_MESSAGES   ; Off                                                                                                              ; --            ; --          ; --             ;
+-------------------------------------+------------------------------------------------------------------------------------------------------------------+---------------+-------------+----------------+


+-------------------------------------------------------------------------------------------------------------------------------+
; Flow Elapsed Time                                                                                                             ;
+---------------------------+--------------+-------------------------+---------------------+------------------------------------+
; Module Name               ; Elapsed Time ; Average Processors Used ; Peak Virtual Memory ; Total CPU Time (on all processors) ;
+---------------------------+--------------+-------------------------+---------------------+------------------------------------+
; Analysis & Synthesis      ; 00:00:47     ; 1.0                     ; 585 MB              ; 00:00:36                           ;
; Fitter                    ; 00:00:53     ; 1.4                     ; 1113 MB             ; 00:00:57                           ;
; Assembler                 ; 00:00:16     ; 1.0                     ; 504 MB              ; 00:00:06                           ;
; TimeQuest Timing Analyzer ; 00:00:16     ; 1.0                     ; 616 MB              ; 00:00:05                           ;
; EDA Netlist Writer        ; 00:00:15     ; 1.0                     ; 491 MB              ; 00:00:05                           ;
; Total                     ; 00:02:27     ; --                      ; --                  ; 00:01:49                           ;
+---------------------------+--------------+-------------------------+---------------------+------------------------------------+


+----------------------------------------------------------------------------------------+
; Flow OS Summary                                                                        ;
+---------------------------+------------------+-----------+------------+----------------+
; Module Name               ; Machine Hostname ; OS Name   ; OS Version ; Processor type ;
+---------------------------+------------------+-----------+------------+----------------+
; Analysis & Synthesis      ; lamar-note       ; Windows 7 ; 6.2        ; x86_64         ;
; Fitter                    ; lamar-note       ; Windows 7 ; 6.2        ; x86_64         ;
; Assembler                 ; lamar-note       ; Windows 7 ; 6.2        ; x86_64         ;
; TimeQuest Timing Analyzer ; lamar-note       ; Windows 7 ; 6.2        ; x86_64         ;
; EDA Netlist Writer        ; lamar-note       ; Windows 7 ; 6.2        ; x86_64         ;
+---------------------------+------------------+-----------+------------+----------------+


------------
; Flow Log ;
------------
quartus_map --read_settings_files=on --write_settings_files=off FPALU -c FPALU
quartus_fit --read_settings_files=off --write_settings_files=off FPALU -c FPALU
quartus_asm --read_settings_files=off --write_settings_files=off FPALU -c FPALU
quartus_sta FPALU -c FPALU
quartus_eda --read_settings_files=off --write_settings_files=off FPALU -c FPALU



