MIF/HEX Update report for TopDE-FastCompilation
Tue Nov 01 10:34:09 2016
Quartus II 64-Bit Version 13.0.0 Build 156 04/24/2013 SJ Web Edition


---------------------
; Table of Contents ;
---------------------
  1. Legal Notice
  2. MIF/HEX Update Summary
  3. MIF/HEX Update Processed Files
  4. MIF/HEX Update Messages



----------------
; Legal Notice ;
----------------
Copyright (C) 1991-2013 Altera Corporation
Your use of Altera Corporation's design tools, logic functions 
and other software and tools, and its AMPP partner logic 
functions, and any output files from any of the foregoing 
(including device programming or simulation files), and any 
associated documentation or information are expressly subject 
to the terms and conditions of the Altera Program License 
Subscription Agreement, Altera MegaCore Function License 
Agreement, or other applicable license agreement, including, 
without limitation, that your use is for the sole purpose of 
programming logic devices manufactured by Altera and sold by 
Altera or its authorized distributors.  Please refer to the 
applicable agreement for further details.



+---------------------------------------------------------------+
; MIF/HEX Update Summary                                        ;
+-----------------------+---------------------------------------+
; MIF/HEX Update Status ; Successful - Tue Nov 01 10:34:09 2016 ;
; Revision Name         ; TopDE-FastCompilation                 ;
; Top-level Entity Name ; TopDE                                 ;
; Family                ; Cyclone II                            ;
; Device                ; EP2C70F896C6                          ;
+-----------------------+---------------------------------------+


+-------------------------------------------------------------------------------+
; MIF/HEX Update Processed Files                                                ;
+-------------------------------------------------------------------------------+
; File Name                                                                     ;
+-------------------------------------------------------------------------------+
; C:/Users/PauloWin/Desktop/LabOAC/Lab3/MIPS-PUM-v4.Custom/Core/bootloader.mif  ;
; C:/Users/PauloWin/Desktop/LabOAC/Lab3/MIPS-PUM-v4.Custom/Core/system_code.mif ;
; C:/Users/PauloWin/Desktop/LabOAC/Lab3/MIPS-PUM-v4.Custom/Core/system_data.mif ;
; C:/Users/PauloWin/Desktop/LabOAC/Lab3/MIPS-PUM-v4.Custom/Core/user_code.mif   ;
; C:/Users/PauloWin/Desktop/LabOAC/Lab3/MIPS-PUM-v4.Custom/Core/user_data.mif   ;
+-------------------------------------------------------------------------------+


+-------------------------+
; MIF/HEX Update Messages ;
+-------------------------+
Info: *******************************************************************
Info: Running Quartus II 64-Bit MIF/HEX Update
    Info: Version 13.0.0 Build 156 04/24/2013 SJ Web Edition
    Info: Processing started: Tue Nov 01 10:33:53 2016
Info: Command: quartus_cdb TopDE-FastCompilation -c TopDE-FastCompilation --update_mif
Warning (39023): Can't find Memory Initialization File display.mif -- skipped updates for this file
Warning (39023): Can't find Memory Initialization File notes.mif -- skipped updates for this file
Warning (39023): Can't find Memory Initialization File sine.mif -- skipped updates for this file
Warning (113028): 319 out of 2048 addresses are uninitialized. The Quartus II software will initialize them to "0". There are 1 warnings found, and 1 warnings are reported.
    Warning (113027): Addresses ranging from 1729 to 2047 are not initialized
Warning (113028): 59 out of 128 addresses are uninitialized. The Quartus II software will initialize them to "0". There are 1 warnings found, and 1 warnings are reported.
    Warning (113027): Addresses ranging from 69 to 127 are not initialized
Warning (113028): 2018 out of 2048 addresses are uninitialized. The Quartus II software will initialize them to "0". There are 1 warnings found, and 1 warnings are reported.
    Warning (113027): Addresses ranging from 30 to 2047 are not initialized
Warning (113028): 2020 out of 2048 addresses are uninitialized. The Quartus II software will initialize them to "0". There are 1 warnings found, and 1 warnings are reported.
    Warning (113027): Addresses ranging from 28 to 2047 are not initialized
Warning (113028): 80 out of 2048 addresses are uninitialized. The Quartus II software will initialize them to "0". There are 1 warnings found, and 1 warnings are reported.
    Warning (113027): Addresses ranging from 1968 to 2047 are not initialized
Critical Warning (127004): Memory depth (512) in the design file differs from memory depth (2048) in the Memory Initialization File "C:/Users/PauloWin/Desktop/LabOAC/Lab3/MIPS-PUM-v4.Custom/Core/system_data.mif" -- truncated remaining initial content value to fit RAM
Info (39024): Processed the following Memory Initialization File(s)
    Info (39025): Processed Memory Initialization File C:/Users/PauloWin/Desktop/LabOAC/Lab3/MIPS-PUM-v4.Custom/Core/bootloader.mif
    Info (39025): Processed Memory Initialization File C:/Users/PauloWin/Desktop/LabOAC/Lab3/MIPS-PUM-v4.Custom/Core/system_code.mif
    Info (39025): Processed Memory Initialization File C:/Users/PauloWin/Desktop/LabOAC/Lab3/MIPS-PUM-v4.Custom/Core/system_data.mif
    Info (39025): Processed Memory Initialization File C:/Users/PauloWin/Desktop/LabOAC/Lab3/MIPS-PUM-v4.Custom/Core/user_code.mif
    Info (39025): Processed Memory Initialization File C:/Users/PauloWin/Desktop/LabOAC/Lab3/MIPS-PUM-v4.Custom/Core/user_data.mif
Info: Quartus II 64-Bit MIF/HEX Update was successful. 0 errors, 14 warnings
    Info: Peak virtual memory: 567 megabytes
    Info: Processing ended: Tue Nov 01 10:34:09 2016
    Info: Elapsed time: 00:00:16
    Info: Total CPU time (on all processors): 00:00:09


